<?xml version="1.0" encoding="UTF-8"?>
<!-- Generated by org.testng.reporters.JUnitXMLReporter -->
<testsuite hostname="DESKTOP-80R0UJG" name="Default test" tests="1" failures="0" timestamp="18 Feb 2024 17:35:44 GMT" time="3.307" errors="0">
  <testcase name="@BeforeClass LaunchBrowser" time="0.0" classname="org.testing.TestNgExample1">
    <failure type="org.openqa.selenium.SessionNotCreatedException" message="session not created: This version of ChromeDriver only supports Chrome version 114
Current browser version is 121.0.6167.185 with binary path C:\Program Files\Google\Chrome\Application\chrome.exe
Build info: version: &amp;apos;3.141.59&amp;apos;, revision: &amp;apos;e82be7d358&amp;apos;, time: &amp;apos;2018-11-14T08:17:03&amp;apos;
System info: host: &amp;apos;DESKTOP-80R0UJG&amp;apos;, ip: &amp;apos;192.168.1.5&amp;apos;, os.name: &amp;apos;Windows 10&amp;apos;, os.arch: &amp;apos;amd64&amp;apos;, os.version: &amp;apos;10.0&amp;apos;, java.version: &amp;apos;1.8.0_202&amp;apos;
Driver info: driver.version: ChromeDriver
remote stacktrace: Backtrace:
	GetHandleVerifier [0x00BFA813+48355]
	(No symbol) [0x00B8C4B1]
	(No symbol) [0x00A95358]
	(No symbol) [0x00AB61AC]
	(No symbol) [0x00AB1EF3]
	(No symbol) [0x00AB0579]
	(No symbol) [0x00AE0C55]
	(No symbol) [0x00AE093C]
	(No symbol) [0x00ADA536]
	(No symbol) [0x00AB82DC]
	(No symbol) [0x00AB93DD]
	GetHandleVerifier [0x00E5AABD+2539405]
	GetHandleVerifier [0x00E9A78F+2800735]
	GetHandleVerifier [0x00E9456C+2775612]
	GetHandleVerifier [0x00C851E0+616112]
	(No symbol) [0x00B95F8C]
	(No symbol) [0x00B92328]
	(No symbol) [0x00B9240B]
	(No symbol) [0x00B84FF7]
	BaseThreadInitThunk [0x7582FCC9+25]
	RtlGetAppContainerNamedObjectPath [0x77657C5E+286]
	RtlGetAppContainerNamedObjectPath [0x77657C2E+238]
">
      <![CDATA[org.openqa.selenium.SessionNotCreatedException: session not created: This version of ChromeDriver only supports Chrome version 114
Current browser version is 121.0.6167.185 with binary path C:\Program Files\Google\Chrome\Application\chrome.exe
Build info: version: '3.141.59', revision: 'e82be7d358', time: '2018-11-14T08:17:03'
System info: host: 'DESKTOP-80R0UJG', ip: '192.168.1.5', os.name: 'Windows 10', os.arch: 'amd64', os.version: '10.0', java.version: '1.8.0_202'
Driver info: driver.version: ChromeDriver
remote stacktrace: Backtrace:
	GetHandleVerifier [0x00BFA813+48355]
	(No symbol) [0x00B8C4B1]
	(No symbol) [0x00A95358]
	(No symbol) [0x00AB61AC]
	(No symbol) [0x00AB1EF3]
	(No symbol) [0x00AB0579]
	(No symbol) [0x00AE0C55]
	(No symbol) [0x00AE093C]
	(No symbol) [0x00ADA536]
	(No symbol) [0x00AB82DC]
	(No symbol) [0x00AB93DD]
	GetHandleVerifier [0x00E5AABD+2539405]
	GetHandleVerifier [0x00E9A78F+2800735]
	GetHandleVerifier [0x00E9456C+2775612]
	GetHandleVerifier [0x00C851E0+616112]
	(No symbol) [0x00B95F8C]
	(No symbol) [0x00B92328]
	(No symbol) [0x00B9240B]
	(No symbol) [0x00B84FF7]
	BaseThreadInitThunk [0x7582FCC9+25]
	RtlGetAppContainerNamedObjectPath [0x77657C5E+286]
	RtlGetAppContainerNamedObjectPath [0x77657C2E+238]

	at sun.reflect.NativeConstructorAccessorImpl.newInstance0(Native Method)
	at sun.reflect.NativeConstructorAccessorImpl.newInstance(Unknown Source)
	at sun.reflect.DelegatingConstructorAccessorImpl.newInstance(Unknown Source)
	at java.lang.reflect.Constructor.newInstance(Unknown Source)
	at org.openqa.selenium.remote.W3CHandshakeResponse.lambda$errorHandler$0(W3CHandshakeResponse.java:62)
	at org.openqa.selenium.remote.HandshakeResponse.lambda$getResponseFunction$0(HandshakeResponse.java:30)
	at org.openqa.selenium.remote.ProtocolHandshake.lambda$createSession$0(ProtocolHandshake.java:126)
	at java.util.stream.ReferencePipeline$3$1.accept(Unknown Source)
	at java.util.Spliterators$ArraySpliterator.tryAdvance(Unknown Source)
	at java.util.stream.ReferencePipeline.forEachWithCancel(Unknown Source)
	at java.util.stream.AbstractPipeline.copyIntoWithCancel(Unknown Source)
	at java.util.stream.AbstractPipeline.copyInto(Unknown Source)
	at java.util.stream.AbstractPipeline.wrapAndCopyInto(Unknown Source)
	at java.util.stream.FindOps$FindOp.evaluateSequential(Unknown Source)
	at java.util.stream.AbstractPipeline.evaluate(Unknown Source)
	at java.util.stream.ReferencePipeline.findFirst(Unknown Source)
	at org.openqa.selenium.remote.ProtocolHandshake.createSession(ProtocolHandshake.java:128)
	at org.openqa.selenium.remote.ProtocolHandshake.createSession(ProtocolHandshake.java:74)
	at org.openqa.selenium.remote.HttpCommandExecutor.execute(HttpCommandExecutor.java:136)
	at org.openqa.selenium.remote.service.DriverCommandExecutor.execute(DriverCommandExecutor.java:83)
	at org.openqa.selenium.remote.RemoteWebDriver.execute(RemoteWebDriver.java:552)
	at org.openqa.selenium.remote.RemoteWebDriver.startSession(RemoteWebDriver.java:213)
	at org.openqa.selenium.remote.RemoteWebDriver.<init>(RemoteWebDriver.java:131)
	at org.openqa.selenium.chrome.ChromeDriver.<init>(ChromeDriver.java:181)
	at org.openqa.selenium.chrome.ChromeDriver.<init>(ChromeDriver.java:168)
	at org.openqa.selenium.chrome.ChromeDriver.<init>(ChromeDriver.java:123)
	at org.utilities.BaseClass.launchChrome(BaseClass.java:181)
	at org.testing.TestNgExample1.LaunchBrowser(TestNgExample1.java:16)
	at sun.reflect.NativeMethodAccessorImpl.invoke0(Native Method)
	at sun.reflect.NativeMethodAccessorImpl.invoke(Unknown Source)
	at sun.reflect.DelegatingMethodAccessorImpl.invoke(Unknown Source)
	at java.lang.reflect.Method.invoke(Unknown Source)
	at org.testng.internal.MethodInvocationHelper.invokeMethod(MethodInvocationHelper.java:86)
	at org.testng.internal.Invoker.invokeConfigurationMethod(Invoker.java:514)
	at org.testng.internal.Invoker.invokeConfigurations(Invoker.java:215)
	at org.testng.internal.Invoker.invokeConfigurations(Invoker.java:142)
	at org.testng.internal.TestMethodWorker.invokeBeforeClassMethods(TestMethodWorker.java:178)
	at org.testng.internal.TestMethodWorker.run(TestMethodWorker.java:108)
	at org.testng.TestRunner.privateRun(TestRunner.java:782)
	at org.testng.TestRunner.run(TestRunner.java:632)
	at org.testng.SuiteRunner.runTest(SuiteRunner.java:366)
	at org.testng.SuiteRunner.runSequentially(SuiteRunner.java:361)
	at org.testng.SuiteRunner.privateRun(SuiteRunner.java:319)
	at org.testng.SuiteRunner.run(SuiteRunner.java:268)
	at org.testng.SuiteRunnerWorker.runSuite(SuiteRunnerWorker.java:52)
	at org.testng.SuiteRunnerWorker.run(SuiteRunnerWorker.java:86)
	at org.testng.TestNG.runSuitesSequentially(TestNG.java:1244)
	at org.testng.TestNG.runSuitesLocally(TestNG.java:1169)
	at org.testng.TestNG.run(TestNG.java:1064)
	at org.testng.remote.AbstractRemoteTestNG.run(AbstractRemoteTestNG.java:126)
	at org.testng.remote.RemoteTestNG.initAndRun(RemoteTestNG.java:152)
	at org.testng.remote.RemoteTestNG.main(RemoteTestNG.java:57)
]]>
    </failure>
  </testcase> <!-- @BeforeClass LaunchBrowser -->
  <testcase name="@BeforeMethod StartTime" time="0.0" classname="org.testing.TestNgExample1">
    <skipped/>
  </testcase> <!-- @BeforeMethod StartTime -->
  <testcase name="@AfterMethod EndTime" time="0.0" classname="org.testing.TestNgExample1">
    <skipped/>
  </testcase> <!-- @AfterMethod EndTime -->
  <testcase name="@AfterClass BrowserClose" time="0.0" classname="org.testing.TestNgExample1">
    <skipped/>
  </testcase> <!-- @AfterClass BrowserClose -->
  <testcase name="Test" time="0.0" classname="org.testing.TestNgExample1">
    <skipped/>
  </testcase> <!-- Test -->
</testsuite> <!-- Default test -->
